<?xml version="1.0" encoding="UTF-8"?>
<!-- Generated by org.testng.reporters.JUnitReportReporter -->
<testsuite skipped="0" hostname="KITC22006" name="PomTest.NewTestpom" tests="1" failures="0" timestamp="07 Jul 2019 07:19:19 GMT" time="2.140" errors="0">
  <testcase name="verifyLogin" time="2.140" classname="PomTest.NewTestpom"/>
</testsuite> <!-- PomTest.NewTestpom -->
