<?xml version="1.0" encoding="UTF-8"?>
<!-- Generated by org.testng.reporters.JUnitReportReporter -->
<testsuite skipped="0" hostname="KITC22006" name="testNg.Practise" tests="2" failures="0" timestamp="06 Jul 2019 10:19:03 GMT" time="10.109" errors="0">
  <testcase name="searchFunctionality" time="4.609" classname="testNg.Practise"/>
  <testcase name="cartfuncationality" time="5.500" classname="testNg.Practise"/>
</testsuite> <!-- testNg.Practise -->
