<?xml version="1.0" encoding="UTF-8"?>
<!-- Generated by org.testng.reporters.JUnitReportReporter -->
<testsuite skipped="0" hostname="KITC22006" name="testNg.NewTest" tests="1" failures="0" timestamp="06 Jul 2019 08:21:12 GMT" time="0.005" errors="0">
  <testcase name="test3" time="0.005" classname="testNg.NewTest"/>
</testsuite> <!-- testNg.NewTest -->
