<?xml version="1.0" encoding="UTF-8"?>
<!-- Generated by org.testng.reporters.JUnitReportReporter -->
<testsuite skipped="0" hostname="KITC22006" name="testNg.Practise" tests="2" failures="0" timestamp="07 Jul 2019 11:48:00 GMT" time="13.964" errors="0">
  <testcase name="searchFunctionality" time="4.723" classname="testNg.Practise"/>
  <testcase name="cartfuncationality" time="9.241" classname="testNg.Practise"/>
</testsuite> <!-- testNg.Practise -->
